<?xml version="1.0" encoding="UTF-8"?>
<!-- Generated by org.testng.reporters.JUnitReportReporter -->
<testsuite hostname="facu" failures="0" tests="3" name="com.selenium.test.TestDespegar" time="70.156" errors="0" timestamp="2023-05-31T20:23:17 ART" skipped="0">
  <testcase classname="com.selenium.test.TestDespegar" name="validarDespegar" time="28.725"/>
  <system-out>
    <![CDATA[Cerramos el login a la pagina
Aceptamos  las Cookies.
Ingresamos el destino: Buenos Aires, Argentina
Ingresamos el destino:San Carlos de Bariloche, Rio Negro, Argentina
Seleccionamos la fecha de ida: 2023-06-33
2023-07
Seleccionamos la fecha de vuelta:2023-07-2
Aceptamos
Clickeamos el boton Buscar
Los resultados de la busqueda se realizaron de forma exitosa!]]>
  </system-out>
  <testcase classname="com.selenium.test.TestDespegar" name="validarDespegar" time="21.080"/>
  <system-out>
    <![CDATA[Cerramos el login a la pagina
Aceptamos  las Cookies.
Ingresamos el destino: Buenos Aires, Argentina
Ingresamos el destino:Villa La Angostura, Neuquén, Argentina
Seleccionamos la fecha de ida: 2023-06-33
2023-07
Seleccionamos la fecha de vuelta:2023-07-2
Aceptamos
Clickeamos el boton Buscar
Los resultados de la busqueda se realizaron de forma exitosa!]]>
  </system-out>
  <testcase classname="com.selenium.test.TestDespegar" name="validarDespegar" time="20.351"/>
  <system-out>
    <![CDATA[Cerramos el login a la pagina
Aceptamos  las Cookies.
Ingresamos el destino: Buenos Aires, Argentina
Ingresamos el destino:Villa Carlos Paz, Córdoba, Argentina
Seleccionamos la fecha de ida: 2023-06-33
2023-07
Seleccionamos la fecha de vuelta:2023-07-2
Aceptamos
Clickeamos el boton Buscar
Los resultados de la busqueda se realizaron de forma exitosa!]]>
  </system-out>
</testsuite> <!-- com.selenium.test.TestDespegar -->
