<?xml version="1.0" encoding="UTF-8"?>
<!-- Generated by org.testng.reporters.JUnitReportReporter -->
<testsuite hostname="facu" failures="0" tests="6" name="com.selenium.test.TestWiki" time="50.341" errors="0" timestamp="2023-05-26T13:02:19 ART" skipped="0">
  <testcase classname="com.selenium.test.TestWiki" name="ValidarBusquedaWikilistas" time="9.007"/>
  <system-out>
    <![CDATA[Indentificamos la caja de busqueda
Identificar el combo de idiomas
Ingresamos para buscar Selenium
Enviamos la peticion
Texto encontrado Selenium]]>
  </system-out>
  <testcase classname="com.selenium.test.TestWiki" name="ValidarBusquedaWikipedia" time="8.049"/>
  <system-out>
    <![CDATA[Indentificamos la caja de busqueda
Ingresamos para buscar DATA DRIVEN TESTING
Enviamos la peticion
Texto encontrado Data-driven testing]]>
  </system-out>
  <testcase classname="com.selenium.test.TestWiki" name="ValidarBusquedaWikilistas" time="8.516"/>
  <system-out>
    <![CDATA[Indentificamos la caja de busqueda
Identificar el combo de idiomas
Ingresamos para buscar TDD
Enviamos la peticion
Texto encontrado Desarrollo guiado por pruebas]]>
  </system-out>
  <testcase classname="com.selenium.test.TestWiki" name="ValidarBusquedaWikipedia" time="7.984"/>
  <system-out>
    <![CDATA[Indentificamos la caja de busqueda
Ingresamos para buscar TDD
Enviamos la peticion
Texto encontrado Desarrollo guiado por pruebas]]>
  </system-out>
  <testcase classname="com.selenium.test.TestWiki" name="ValidarBusquedaWikilistas" time="8.473"/>
  <system-out>
    <![CDATA[Indentificamos la caja de busqueda
Identificar el combo de idiomas
Ingresamos para buscar DATA DRIVEN TESTING
Enviamos la peticion
Texto encontrado Data-driven testing]]>
  </system-out>
  <testcase classname="com.selenium.test.TestWiki" name="ValidarBusquedaWikipedia" time="8.312"/>
  <system-out>
    <![CDATA[Indentificamos la caja de busqueda
Ingresamos para buscar Selenium
Enviamos la peticion
Texto encontrado Selenium]]>
  </system-out>
</testsuite> <!-- com.selenium.test.TestWiki -->
