<?xml version="1.0" encoding="UTF-8"?>
<!-- Generated by org.testng.reporters.JUnitReportReporter -->
<testsuite hostname="facu" failures="0" tests="4" name="com.selenium.test.TestCaseWiki2" time="19.525" errors="0" timestamp="2023-05-31T19:34:12 ART" skipped="0">
  <testcase classname="com.selenium.test.TestCaseWiki2" name="validarCajaTextoNuevo" time="4.298"/>
  <system-out>
    <![CDATA[Localizar y comprobar que la caja de busqueda se muestra
Ingresar la palabra TDD
Presionar Enter
Validar que el titulo sea Desarrollo guiado por pruebas
Validar que el titulo sea Desarrollo guiado por pruebas
Localizar y comprobar que el titulo este disponible]]>
  </system-out>
  <testcase classname="com.selenium.test.TestCaseWiki2" name="validarCajaTextoNuevo" time="4.202"/>
  <system-out>
    <![CDATA[Localizar y comprobar que la caja de busqueda se muestra
Ingresar la palabra DATA DRIVEN TESTING
Presionar Enter
Validar que el titulo sea Data-driven testing
Validar que el titulo sea Data-driven testing
Localizar y comprobar que el titulo este disponible]]>
  </system-out>
  <testcase classname="com.selenium.test.TestCaseWiki2" name="validarCajaTextoNuevo" time="6.396"/>
  <system-out>
    <![CDATA[Localizar y comprobar que la caja de busqueda se muestra
Ingresar la palabra Selenium
Presionar Enter
Validar que el titulo sea Selenium
Validar que el titulo sea Selenium
Localizar y comprobar que el titulo este disponible]]>
  </system-out>
  <testcase classname="com.selenium.test.TestCaseWiki2" name="validarCajaTextoNuevo" time="4.629"/>
  <system-out>
    <![CDATA[Localizar y comprobar que la caja de busqueda se muestra
Ingresar la palabra JAVA
Presionar Enter
Validar que el titulo sea Java (lenguaje de programación)
Validar que el titulo sea Java (lenguaje de programación)
Localizar y comprobar que el titulo este disponible]]>
  </system-out>
</testsuite> <!-- com.selenium.test.TestCaseWiki2 -->
