<?xml version="1.0" encoding="UTF-8"?>
<!-- Generated by org.testng.reporters.JUnitReportReporter -->
<testsuite hostname="facu" failures="0" tests="3" name="com.selenium.test.TestGoogle" time="14.099" errors="0" timestamp="2023-05-31T19:49:06 ART" skipped="0">
  <testcase classname="com.selenium.test.TestGoogle" name="validarGoogle" time="5.301"/>
  <system-out>
    <![CDATA[Buscamos la caja de busqueda
Ingresa a buscar:Selenium
Presiona enter realizar la busqueda
validar que realice la busqueda correcta desde la URL
La busqueda fue realizada con exito
Fin de la prueba]]>
  </system-out>
  <testcase classname="com.selenium.test.TestGoogle" name="validarGoogle" time="5.157"/>
  <system-out>
    <![CDATA[Buscamos la caja de busqueda
Ingresa a buscar:TDD
Presiona enter realizar la busqueda
validar que realice la busqueda correcta desde la URL
La busqueda fue realizada con exito
Fin de la prueba]]>
  </system-out>
  <testcase classname="com.selenium.test.TestGoogle" name="validarGoogle" time="3.641"/>
  <system-out>
    <![CDATA[Buscamos la caja de busqueda
Ingresa a buscar:Utn
Presiona enter realizar la busqueda
validar que realice la busqueda correcta desde la URL
La busqueda fue realizada con exito
Fin de la prueba]]>
  </system-out>
</testsuite> <!-- com.selenium.test.TestGoogle -->
